<?xml version="1.0" encoding="UTF-8" ?>
<testsuite tests="5" failures="0" name="testRunner.TestRunnertest" time="3.736" errors="0" skipped="2">
  <properties>
[...]
</properties>
  <testcase classname="Scenario: Google functionality" name="Given Open the Chrome and launch the Google page" time="0.003"/>
  <testcase classname="Scenario: Google functionality" name="When Enter the Search text and click search button" time="0"/>
  <testcase classname="Scenario: Google functionality" name="Then Searched page should be opend" time="0.005">
    <skipped/>
  </testcase>
  <testcase classname="Scenario: Google functionality" name="Scenario: Google functionality" time="1.864">
    <skipped/>
    <system-out>in cucumber after class - hooks
</system-out>
  </testcase>
  <testcase classname="Scenario: Google functionality" name="Scenario: Google functionality" time="1.864"/>
</testsuite>